<?xml version="1.0" encoding="UTF-8"?>
<!-- Generated by org.testng.reporters.JUnitReportReporter -->
<testsuite skipped="0" hostname="Aishvaryas-MacBook-Pro.local" name="seleniumtests.ExtentReportTestNG" tests="1" failures="0" timestamp="2020-06-06T16:31:21 MST" time="5.660" errors="0">
  <testcase name="ExtenReportTest" time="5.660" classname="seleniumtests.ExtentReportTestNG"/>
  <system-out/>
</testsuite> <!-- seleniumtests.ExtentReportTestNG -->
