<?xml version="1.0" encoding="UTF-8"?>
<!-- Generated by org.testng.reporters.JUnitReportReporter -->
<testsuite skipped="0" hostname="Aishvaryas-MacBook-Pro.local" name="seleniumtests.Test_GoogleSearch" tests="1" failures="0" timestamp="2020-06-06T15:38:54 MST" time="8.869" errors="0">
  <testcase name="googleSearch" time="8.869" classname="seleniumtests.Test_GoogleSearch"/>
  <system-out/>
</testsuite> <!-- seleniumtests.Test_GoogleSearch -->
